<?xml version="1.0" encoding="UTF-8"?>
<summary Implementation-Title="Canoo Webtest" Implementation-Version="R_1710">
    <testresult endtime="Sun Jun 29 19:54:37 CEST 2008" location="WebTestConferenceTest.groovy:-1: "
        starttime="Sun Jun 29 19:54:37 CEST 2008" successful="no" testspecname="[should fail!] Example of WebTest usage in TDD for a not yet existing website [test written as Groovy code]">
        <config>
            <parameter name="port" value="80"/>
            <parameter name="summary" value="yes"/>
            <parameter name="protocol" value="http"/>
            <parameter name="host" value="localhost"/>
            <parameter name="resultpath" value="/home/michael/projekte/jamwiki/webtests/results"/>
            <parameter name="saveprefix" value="response"/>
            <parameter name="basepath" value="null"/>
            <parameter name="resultfile" value="WebTestReport.xml"/>
            <parameter name="haltonerror" value="no"/>
            <parameter name="errorproperty" value="webtest.error"/>
            <parameter name="saveresponse" value="yes"/>
            <parameter name="haltonfailure" value="no"/>
            <parameter name="failureproperty" value="webtest.failure"/>
            <parameter name="autorefresh" value="false"/>
            <parameter name="showhtmlparseroutput" value="yes"/>
            <parameter name="timeout" value="300"/>
        </config>
        <results>
            <step description="Go to the conference site" duration="7" result="failed" taskName="invoke">
                <parameter name="nested text" value="http://conference.webtest.canoo.com"/>
            </step>
            <step duration="0" result="notexecuted" taskName="verifyTitle">
                <parameter name="nested text" value="WebTest Conference"/>
            </step>
            <step duration="0" result="notexecuted" taskName="verifyText">
                <parameter name="nested text" value="The most effective way to test your web application"/>
            </step>
            <step duration="0" result="notexecuted" taskName="clickLink">
                <parameter name="nested text" value="Register..."/>
            </step>
            <step
                description="Register WebTest committers for the conference (aren't they already speakers?)"
                duration="0" result="notexecuted" taskName="group">
                <step duration="0" result="notexecuted" taskName="setInputField">
                    <parameter name="forLabel" value="Number of participant"/>
                    <parameter name="nested text" value="4"/>
                </step>
                <step duration="0" result="notexecuted" taskName="clickButton">
                    <parameter name="nested text" value="continue"/>
                </step>
                <step duration="0" result="notexecuted" taskName="fillParticipantData">
                    <parameter name="firstName" value="Denis"/>
                    <parameter name="lastName" value="Antonioli"/>
                </step>
                <step duration="0" result="notexecuted" taskName="fillParticipantData">
                    <parameter name="firstName" value="Dierk"/>
                    <parameter name="index" value="2"/>
                    <parameter name="lastName" value="Kï¿½nig"/>
                </step>
                <step duration="0" result="notexecuted" taskName="fillParticipantData">
                    <parameter name="firstName" value="Marc"/>
                    <parameter name="index" value="3"/>
                    <parameter name="lastName" value="Guillemot"/>
                </step>
                <step duration="0" result="notexecuted" taskName="fillParticipantData">
                    <parameter name="firstName" value="Paul"/>
                    <parameter name="index" value="4"/>
                    <parameter name="lastName" value="King"/>
                </step>
                <step duration="0" result="notexecuted" taskName="clickLink">
                    <parameter name="nested text" value="Complete registration"/>
                </step>
                <step duration="0" result="notexecuted" taskName="verifyText">
                    <parameter name="nested text" value="Registration completed"/>
                </step>
            </step>
            <error exception="com.canoo.webtest.engine.StepExecutionException" message="Unexpected exception caught: java.net.UnknownHostException">
                <antStack>
                    <call filename="WebTestConferenceTest.groovy" line="-1"/>
                </antStack>
                <stacktrace><![CDATA[WebTestConferenceTest.groovy:-1: Unexpected exception caught: java.net.UnknownHostException
	at com.canoo.webtest.steps.StepUtil.handleException(StepUtil.java:120)
	at com.canoo.webtest.steps.Step.handleException(Step.java:379)
	at com.canoo.webtest.steps.Step.execute(Step.java:110)
	at org.apache.tools.ant.UnknownElement.execute(UnknownElement.java:288)
	at sun.reflect.GeneratedMethodAccessor21.invoke(Unknown Source)
	at sun.reflect.DelegatingMethodAccessorImpl.invoke(DelegatingMethodAccessorImpl.java:25)
	at java.lang.reflect.Method.invoke(Method.java:597)
	at org.apache.tools.ant.dispatch.DispatchUtils.execute(DispatchUtils.java:105)
	at org.apache.tools.ant.Task.perform(Task.java:348)
	at com.canoo.webtest.ant.TestStepSequence.executeSteps(TestStepSequence.java:43)
	at com.canoo.webtest.ant.TestStepSequence.doExecute(TestStepSequence.java:31)
	at com.canoo.webtest.steps.Step.execute(Step.java:101)
	at sun.reflect.NativeMethodAccessorImpl.invoke0(Native Method)
	at sun.reflect.NativeMethodAccessorImpl.invoke(NativeMethodAccessorImpl.java:39)
	at sun.reflect.DelegatingMethodAccessorImpl.invoke(DelegatingMethodAccessorImpl.java:25)
	at java.lang.reflect.Method.invoke(Method.java:597)
	at org.apache.tools.ant.dispatch.DispatchUtils.execute(DispatchUtils.java:105)
	at org.apache.tools.ant.Task.perform(Task.java:348)
	at com.canoo.webtest.ant.WebtestTask.execute(WebtestTask.java:206)
	at sun.reflect.NativeMethodAccessorImpl.invoke0(Native Method)
	at sun.reflect.NativeMethodAccessorImpl.invoke(NativeMethodAccessorImpl.java:39)
	at sun.reflect.DelegatingMethodAccessorImpl.invoke(DelegatingMethodAccessorImpl.java:25)
	at java.lang.reflect.Method.invoke(Method.java:597)
	at org.apache.tools.ant.dispatch.DispatchUtils.execute(DispatchUtils.java:105)
	at org.apache.tools.ant.Task.perform(Task.java:348)
	at groovy.util.AntBuilder.nodeCompleted(AntBuilder.java:199)
	at groovy.util.BuilderSupport.doInvokeMethod(BuilderSupport.java:153)
	at groovy.util.AntBuilder.doInvokeMethod(AntBuilder.java:149)
	at groovy.util.BuilderSupport.invokeMethod(BuilderSupport.java:64)
	at org.codehaus.groovy.runtime.InvokerHelper.invokePogoMethod(InvokerHelper.java:784)
	at org.codehaus.groovy.runtime.InvokerHelper.invokeMethod(InvokerHelper.java:758)
	at org.codehaus.groovy.runtime.ScriptBytecodeAdapter.invokeMethodN(ScriptBytecodeAdapter.java:170)
	at com.canoo.webtest.WebtestCase.webtest(WebtestCase.groovy:23)
	at sun.reflect.NativeMethodAccessorImpl.invoke0(Native Method)
	at sun.reflect.NativeMethodAccessorImpl.invoke(NativeMethodAccessorImpl.java:39)
	at sun.reflect.DelegatingMethodAccessorImpl.invoke(DelegatingMethodAccessorImpl.java:25)
	at java.lang.reflect.Method.invoke(Method.java:597)
	at org.codehaus.groovy.reflection.CachedMethod.invoke(CachedMethod.java:86)
	at groovy.lang.MetaMethod.doMethodInvoke(MetaMethod.java:230)
	at groovy.lang.MetaClassImpl.invokeMethod(MetaClassImpl.java:912)
	at org.codehaus.groovy.runtime.ScriptBytecodeAdapter.invokeMethodOnCurrentN(ScriptBytecodeAdapter.java:78)
	at WebTestConferenceTest.testRegisterCommittersToWebtestConference(WebTestConferenceTest.groovy:12)
	at sun.reflect.NativeMethodAccessorImpl.invoke0(Native Method)
	at sun.reflect.NativeMethodAccessorImpl.invoke(NativeMethodAccessorImpl.java:39)
	at sun.reflect.DelegatingMethodAccessorImpl.invoke(DelegatingMethodAccessorImpl.java:25)
	at java.lang.reflect.Method.invoke(Method.java:597)
	at junit.framework.TestCase.runTest(TestCase.java:168)
	at junit.framework.TestCase.runBare(TestCase.java:134)
	at junit.framework.TestResult$1.protect(TestResult.java:110)
	at junit.framework.TestResult.runProtected(TestResult.java:128)
	at junit.framework.TestResult.run(TestResult.java:113)
	at junit.framework.TestCase.run(TestCase.java:124)
	at junit.framework.TestSuite.runTest(TestSuite.java:232)
	at junit.framework.TestSuite.run(TestSuite.java:227)
	at junit.textui.TestRunner.doRun(TestRunner.java:116)
	at junit.textui.TestRunner.doRun(TestRunner.java:109)
	at junit.textui.TestRunner.run(TestRunner.java:77)
	at junit.textui.TestRunner.run(TestRunner.java:62)
	at sun.reflect.NativeMethodAccessorImpl.invoke0(Native Method)
	at sun.reflect.NativeMethodAccessorImpl.invoke(NativeMethodAccessorImpl.java:39)
	at sun.reflect.DelegatingMethodAccessorImpl.invoke(DelegatingMethodAccessorImpl.java:25)
	at java.lang.reflect.Method.invoke(Method.java:597)
	at org.codehaus.groovy.reflection.CachedMethod.invoke(CachedMethod.java:86)
	at groovy.lang.MetaMethod.doMethodInvoke(MetaMethod.java:230)
	at groovy.lang.MetaClassImpl.invokeStaticMethod(MetaClassImpl.java:1105)
	at org.codehaus.groovy.runtime.InvokerHelper.invokeMethod(InvokerHelper.java:749)
	at org.codehaus.groovy.runtime.ScriptBytecodeAdapter.invokeMethodN(ScriptBytecodeAdapter.java:170)
	at embedded_script_in__home_michael_projekte_webtest_snapshot_webtest$_run_closure2.doCall(embedded_script_in__home_michael_projekte_webtest_snapshot_webtest.xml:21)
	at sun.reflect.NativeMethodAccessorImpl.invoke0(Native Method)
	at sun.reflect.NativeMethodAccessorImpl.invoke(NativeMethodAccessorImpl.java:39)
	at sun.reflect.DelegatingMethodAccessorImpl.invoke(DelegatingMethodAccessorImpl.java:25)
	at java.lang.reflect.Method.invoke(Method.java:597)
	at org.codehaus.groovy.reflection.CachedMethod.invoke(CachedMethod.java:86)
	at groovy.lang.MetaMethod.doMethodInvoke(MetaMethod.java:230)
	at org.codehaus.groovy.runtime.metaclass.ClosureMetaClass.invokeMethod(ClosureMetaClass.java:248)
	at groovy.lang.MetaClassImpl.invokeMethod(MetaClassImpl.java:756)
	at groovy.lang.Closure.call(Closure.java:292)
	at groovy.lang.Closure.call(Closure.java:305)
	at org.codehaus.groovy.runtime.DefaultGroovyMethods.each(DefaultGroovyMethods.java:1079)
	at org.codehaus.groovy.runtime.DefaultGroovyMethods.each(DefaultGroovyMethods.java:1056)
	at sun.reflect.NativeMethodAccessorImpl.invoke0(Native Method)
	at sun.reflect.NativeMethodAccessorImpl.invoke(NativeMethodAccessorImpl.java:39)
	at sun.reflect.DelegatingMethodAccessorImpl.invoke(DelegatingMethodAccessorImpl.java:25)
	at java.lang.reflect.Method.invoke(Method.java:597)
	at org.codehaus.groovy.runtime.metaclass.ReflectionMetaMethod.invoke(ReflectionMetaMethod.java:51)
	at org.codehaus.groovy.runtime.metaclass.NewInstanceMetaMethod.invoke(NewInstanceMetaMethod.java:54)
	at groovy.lang.MetaMethod.doMethodInvoke(MetaMethod.java:230)
	at groovy.lang.MetaClassImpl.invokeMethod(MetaClassImpl.java:912)
	at groovy.lang.MetaClassImpl.invokeMethod(MetaClassImpl.java:756)
	at org.codehaus.groovy.runtime.InvokerHelper.invokePojoMethod(InvokerHelper.java:766)
	at org.codehaus.groovy.runtime.InvokerHelper.invokeMethod(InvokerHelper.java:754)
	at org.codehaus.groovy.runtime.ScriptBytecodeAdapter.invokeMethodN(ScriptBytecodeAdapter.java:170)
	at embedded_script_in__home_michael_projekte_webtest_snapshot_webtest.run(embedded_script_in__home_michael_projekte_webtest_snapshot_webtest.xml:18)
	at org.codehaus.groovy.ant.Groovy.execGroovy(Groovy.java:350)
	at org.codehaus.groovy.ant.Groovy.execute(Groovy.java:230)
	at org.apache.tools.ant.UnknownElement.execute(UnknownElement.java:288)
	at sun.reflect.GeneratedMethodAccessor21.invoke(Unknown Source)
	at sun.reflect.DelegatingMethodAccessorImpl.invoke(DelegatingMethodAccessorImpl.java:25)
	at java.lang.reflect.Method.invoke(Method.java:597)
	at org.apache.tools.ant.dispatch.DispatchUtils.execute(DispatchUtils.java:105)
	at org.apache.tools.ant.Task.perform(Task.java:348)
	at org.apache.tools.ant.Target.execute(Target.java:357)
	at org.apache.tools.ant.Target.performTasks(Target.java:385)
	at org.apache.tools.ant.Project.executeSortedTargets(Project.java:1329)
	at org.apache.tools.ant.Project.executeTarget(Project.java:1298)
	at org.apache.tools.ant.helper.DefaultExecutor.executeTargets(DefaultExecutor.java:41)
	at org.apache.tools.ant.Project.executeTargets(Project.java:1181)
	at org.apache.tools.ant.Main.runBuild(Main.java:698)
	at org.apache.tools.ant.Main.startAnt(Main.java:199)
	at org.apache.tools.ant.launch.Launcher.run(Launcher.java:257)
	at org.apache.tools.ant.launch.Launcher.main(Launcher.java:104)
Caused by: java.net.UnknownHostException: conference.webtest.canoo.com
	at java.net.PlainSocketImpl.connect(PlainSocketImpl.java:177)
	at java.net.SocksSocketImpl.connect(SocksSocketImpl.java:366)
	at java.net.Socket.connect(Socket.java:519)
	at java.net.Socket.connect(Socket.java:469)
	at java.net.Socket.<init>(Socket.java:366)
	at java.net.Socket.<init>(Socket.java:240)
	at org.apache.commons.httpclient.protocol.DefaultProtocolSocketFactory.createSocket(DefaultProtocolSocketFactory.java:80)
	at org.apache.commons.httpclient.protocol.ControllerThreadSocketFactory$1.doit(ControllerThreadSocketFactory.java:91)
	at org.apache.commons.httpclient.protocol.ControllerThreadSocketFactory$SocketTask.run(ControllerThreadSocketFactory.java:158)
	at java.lang.Thread.run(Thread.java:619)
--- Nested Exception ---
java.net.UnknownHostException: conference.webtest.canoo.com
	at java.net.PlainSocketImpl.connect(PlainSocketImpl.java:177)
	at java.net.SocksSocketImpl.connect(SocksSocketImpl.java:366)
	at java.net.Socket.connect(Socket.java:519)
	at java.net.Socket.connect(Socket.java:469)
	at java.net.Socket.<init>(Socket.java:366)
	at java.net.Socket.<init>(Socket.java:240)
	at org.apache.commons.httpclient.protocol.DefaultProtocolSocketFactory.createSocket(DefaultProtocolSocketFactory.java:80)
	at org.apache.commons.httpclient.protocol.ControllerThreadSocketFactory$1.doit(ControllerThreadSocketFactory.java:91)
	at org.apache.commons.httpclient.protocol.ControllerThreadSocketFactory$SocketTask.run(ControllerThreadSocketFactory.java:158)
	at java.lang.Thread.run(Thread.java:619)
]]></stacktrace>
            </error>
        </results>
    </testresult>
</summary>
